
: 
: 
: 
: 
COPY STARTING

(DARREN:930)MAIL.FWD COPIED TO (DARREN:22)MAIL.FWD

27 (41) CHARS. TRANSMITTED

: 
SYSTEM UNAVAILABLE
: 
SYSTEM UNAVAILABLE
: 
COPY STARTING

(DARREN:930)MAIL.FWD COPIED TO (DARREN:25)MAIL.FWD

27 (41) CHARS. TRANSMITTED

: 
COPY STARTING

(DARREN:930)MAIL.FWD COPIED TO (DARREN:26)MAIL.FWD

27 (41) CHARS. TRANSMITTED

: 
COPY STARTING

(DARREN:930)MAIL.FWD COPIED TO (DARREN:27)MAIL.FWD

27 (41) CHARS. TRANSMITTED

: 
SYSTEM UNAVAILABLE
: 
COPY STARTING

(DARREN:930)MAIL.FWD COPIED TO (DARREN:29)MAIL.FWD

27 (41) CHARS. TRANSMITTED

: 
SYSTEM UNAVAILABLE
: 
COPY STARTING

(DARREN:930)MAIL.FWD COPIED TO (DARREN:32)MAIL.FWD

27 (41) CHARS. TRANSMITTED

: 
SYSTEM UNAVAILABLE
: 
COPY STARTING

(DARREN:930)MAIL.FWD COPIED TO (DARREN:34)MAIL.FWD

27 (41) CHARS. TRANSMITTED

: 
COPY STARTING

(DARREN:930)MAIL.FWD COPIED TO (DARREN:35)MAIL.FWD

27 (41) CHARS. TRANSMITTED

: 
COPY STARTING

(DARREN:930)MAIL.FWD COPIED TO (DARREN:36)MAIL.FWD

27 (41) CHARS. TRANSMITTED

: 
CIRCUIT ZAPPED - ABORTING,  SYSTEM 37

: 
COPY STARTING

(DARREN:930)MAIL.FWD COPIED TO (DARREN:38)MAIL.FWD

27 (41) CHARS. TRANSMITTED

: 
COPY STARTING

(DARREN:930)MAIL.FWD COPIED TO (DARREN:39)MAIL.FWD

27 (41) CHARS. TRANSMITTED

: 
COPY STARTING

(DARREN:930)MAIL.FWD COPIED TO (DARREN:54)MAIL.FWD

27 (41) CHARS. TRANSMITTED

: 
COPY STARTING

(DARREN:930)MAIL.FWD COPIED TO (DARREN:55)MAIL.FWD

27 (41) CHARS. TRANSMITTED

: 
COPY STARTING

(DARREN:930)MAIL.FWD COPIED TO (DARREN:56)MAIL.FWD

27 (41) CHARS. TRANSMITTED

: 
SYSTEM UNAVAILABLE
: 
COPY STARTING

(DARREN:930)MAIL.FWD COPIED TO (DARREN:59)MAIL.FWD

27 (41) CHARS. TRANSMITTED

: 
COPY STARTING

(DARREN:930)MAIL.FWD COPIED TO (DARREN:65)MAIL.FWD

27 (41) CHARS. TRANSMITTED

: 
COPY STARTING

(DARREN:930)MAIL.FWD COPIED TO (DARREN:70)MAIL.FWD

27 (41) CHARS. TRANSMITTED

: 
COPY STARTING

(DARREN:930)MAIL.FWD COPIED TO (DARREN:72)MAIL.FWD

27 (41) CHARS. TRANSMITTED

: 
COPY STARTING

(DARREN:930)MAIL.FWD COPIED TO (DARREN:74)MAIL.FWD

27 (41) CHARS. TRANSMITTED

: 
COPY STARTING

(DARREN:930)MAIL.FWD COPIED TO (DARREN:79)MAIL.FWD

27 (41) CHARS. TRANSMITTED

: 
COPY STARTING

(DARREN:930)MAIL.FWD COPIED TO (DARREN:90)MAIL.FWD

27 (41) CHARS. TRANSMITTED

: 
COPY STARTING

(DARREN:930)MAIL.FWD COPIED TO (DARREN:92)MAIL.FWD

27 (41) CHARS. TRANSMITTED

: 