
NOTICE.31	*Null
NOTICE.32	
NOTICE.38	
NOTICE.65	
NOTICE.54	
NOTICE.25	
NOTICE.28	
NOTICE.30	
NOTICE.29	
NOTICE.33	
NOTICE.35	
NOTICE.39	
NOTICE.57	
NOTICE.27	
NOTICE.34	
NOTICE.70	
{Page 1}...
30 APR~ 0309 V70-P034/K-11 $? #629-KI CRA002, StopPC/SCNSER:PTYBUF+161

NOTICE.107	
NOTICE.108	
NOTICE.36	
NOTICE.79	
NOTICE.930	
NOTICE.897	
NOTICE.83	
NOTICE.90	
NOTICE.37	
NOTICE.74	
NOTICE.56	
NOTICE.26	
NOTICE.23	
NOTICE.72	
NOTICE.22	
NOTICE.55	
1) "29 apr"	0
2) "30 apr"	1