
NOTICE.31	*Null
NOTICE.32	
NOTICE.38	
NOTICE.65	
NOTICE.54	
{Page 1}...
5 MAY~ 1432 D54-P034/K-12 $? #1376-KL CRA002, Base type 11, CH1/0,
...
6 MAY~ 0723 D54-P034/K-12 $? #1376-KL CRA003, NoMemory, MemBusParity,

NOTICE.25	
NOTICE.28	
NOTICE.30	
NOTICE.29	
NOTICE.33	
NOTICE.35	
NOTICE.39	
NOTICE.57	*Null
NOTICE.27	
NOTICE.34	
NOTICE.70	
NOTICE.107	
NOTICE.108	
NOTICE.36	
NOTICE.79	
NOTICE.930	
NOTICE.897	
NOTICE.83	
NOTICE.90	
NOTICE.37	
NOTICE.74	
NOTICE.56	
NOTICE.26	
NOTICE.23	
NOTICE.72	
NOTICE.22	
NOTICE.55	
1) "5 may"	1
2) "6 may"	1