
: 
: 
: 
COPY STARTING

(SSINSTALL:930)PEAK.SAV COPIED TO (SSINSTALL:22)PEAK.SAV

151727 (148835) CHARS. TRANSMITTED

COPY STARTING

(SSINSTALL:930)PEAK.HLP COPIED TO (SSINSTALL:22)PEAK.HLP

7434 (4986) CHARS. TRANSMITTED

COPY STARTING

(SSINSTALL:930)PEAK.CHT COPIED TO (SSINSTALL:22)PEAK.CHT

11745 (4106) CHARS. TRANSMITTED

COPY STARTING

(SSINSTALL:930)PEAK.KEY COPIED TO (SSINSTALL:22)PEAK.KEY

12488 (7310) CHARS. TRANSMITTED

COPY STARTING

(SSINSTALL:930)PEAK.NEW COPIED TO (SSINSTALL:22)PEAK.NEW

3110 (2128) CHARS. TRANSMITTED

COPY STARTING

(SSINSTALL:930)PEAK.SUM COPIED TO (SSINSTALL:22)PEAK.SUM

7407 (4867) CHARS. TRANSMITTED

: 
: 
: 
: 
: 
: 
: 
COPY STARTING

(SSINSTALL:930)PEAK.SAV COPIED TO (SSINSTALL:25)PEAK.SAV

151727 (148835) CHARS. TRANSMITTED

COPY STARTING

(SSINSTALL:930)PEAK.HLP COPIED TO (SSINSTALL:25)PEAK.HLP

7434 (4986) CHARS. TRANSMITTED

COPY STARTING

(SSINSTALL:930)PEAK.CHT COPIED TO (SSINSTALL:25)PEAK.CHT

11745 (4106) CHARS. TRANSMITTED

COPY STARTING

CIRCUIT ZAPPED - ABORTING,  SYSTEM 25

: 
: 
: 
: 
: 
: 
: 
COPY STARTING

(SSINSTALL:930)PEAK.SAV COPIED TO (SSINSTALL:26)PEAK.SAV

151727 (148835) CHARS. TRANSMITTED

COPY STARTING

(SSINSTALL:930)PEAK.HLP COPIED TO (SSINSTALL:26)PEAK.HLP

7434 (4986) CHARS. TRANSMITTED

COPY STARTING

(SSINSTALL:930)PEAK.CHT COPIED TO (SSINSTALL:26)PEAK.CHT

11745 (4106) CHARS. TRANSMITTED

COPY STARTING

(SSINSTALL:930)PEAK.KEY COPIED TO (SSINSTALL:26)PEAK.KEY

12488 (7310) CHARS. TRANSMITTED

COPY STARTING

(SSINSTALL:930)PEAK.NEW COPIED TO (SSINSTALL:26)PEAK.NEW

3110 (2128) CHARS. TRANSMITTED

COPY STARTING

(SSINSTALL:930)PEAK.SUM COPIED TO (SSINSTALL:26)PEAK.SUM

7407 (4867) CHARS. TRANSMITTED

: 
: 
: 
: 
: 
: 
: 
COPY STARTING

(SSINSTALL:930)PEAK.SAV COPIED TO (SSINSTALL:27)PEAK.SAV

151727 (148835) CHARS. TRANSMITTED

COPY STARTING

(SSINSTALL:930)PEAK.HLP COPIED TO (SSINSTALL:27)PEAK.HLP

7434 (4986) CHARS. TRANSMITTED

COPY STARTING

(SSINSTALL:930)PEAK.CHT COPIED TO (SSINSTALL:27)PEAK.CHT

11745 (4106) CHARS. TRANSMITTED

COPY STARTING

(SSINSTALL:930)PEAK.KEY COPIED TO (SSINSTALL:27)PEAK.KEY

12488 (7310) CHARS. TRANSMITTED

COPY STARTING

(SSINSTALL:930)PEAK.NEW COPIED TO (SSINSTALL:27)PEAK.NEW

3110 (2128) CHARS. TRANSMITTED

COPY STARTING

(SSINSTALL:930)PEAK.SUM COPIED TO (SSINSTALL:27)PEAK.SUM

7407 (4867) CHARS. TRANSMITTED

: 
: 
: 
: 
: 
: 
: 
COPY STARTING

(SSINSTALL:930)PEAK.SAV COPIED TO (SSINSTALL:28)PEAK.SAV

151727 (148835) CHARS. TRANSMITTED

COPY STARTING

(SSINSTALL:930)PEAK.HLP COPIED TO (SSINSTALL:28)PEAK.HLP

7434 (4986) CHARS. TRANSMITTED

COPY STARTING

(SSINSTALL:930)PEAK.CHT COPIED TO (SSINSTALL:28)PEAK.CHT

11745 (4106) CHARS. TRANSMITTED

COPY STARTING

(SSINSTALL:930)PEAK.KEY COPIED TO (SSINSTALL:28)PEAK.KEY

12488 (7310) CHARS. TRANSMITTED

COPY STARTING

(SSINSTALL:930)PEAK.NEW COPIED TO (SSINSTALL:28)PEAK.NEW

3110 (2128) CHARS. TRANSMITTED

COPY STARTING

(SSINSTALL:930)PEAK.SUM COPIED TO (SSINSTALL:28)PEAK.SUM

7407 (4867) CHARS. TRANSMITTED

: 
: 
: 
: 
: 
: 
: 
COPY STARTING

(SSINSTALL:930)PEAK.SAV COPIED TO (SSINSTALL:29)PEAK.SAV

151727 (148835) CHARS. TRANSMITTED

COPY STARTING

(SSINSTALL:930)PEAK.HLP COPIED TO (SSINSTALL:29)PEAK.HLP

7434 (4986) CHARS. TRANSMITTED

COPY STARTING

(SSINSTALL:930)PEAK.CHT COPIED TO (SSINSTALL:29)PEAK.CHT

11745 (4106) CHARS. TRANSMITTED

COPY STARTING

(SSINSTALL:930)PEAK.KEY COPIED TO (SSINSTALL:29)PEAK.KEY

12488 (7310) CHARS. TRANSMITTED

COPY STARTING

(SSINSTALL:930)PEAK.NEW COPIED TO (SSINSTALL:29)PEAK.NEW

3110 (2128) CHARS. TRANSMITTED

COPY STARTING

(SSINSTALL:930)PEAK.SUM COPIED TO (SSINSTALL:29)PEAK.SUM

7407 (4867) CHARS. TRANSMITTED

: 
: 
: 
: 
: 
: 
: 
COPY STARTING

(SSINSTALL:930)PEAK.SAV COPIED TO (SSINSTALL:30)PEAK.SAV

151727 (148835) CHARS. TRANSMITTED

COPY STARTING

(SSINSTALL:930)PEAK.HLP COPIED TO (SSINSTALL:30)PEAK.HLP

7434 (4986) CHARS. TRANSMITTED

COPY STARTING

(SSINSTALL:930)PEAK.CHT COPIED TO (SSINSTALL:30)PEAK.CHT

11745 (4106) CHARS. TRANSMITTED

COPY STARTING

(SSINSTALL:930)PEAK.KEY COPIED TO (SSINSTALL:30)PEAK.KEY

12488 (7310) CHARS. TRANSMITTED

COPY STARTING

(SSINSTALL:930)PEAK.NEW COPIED TO (SSINSTALL:30)PEAK.NEW

3110 (2128) CHARS. TRANSMITTED

COPY STARTING

(SSINSTALL:930)PEAK.SUM COPIED TO (SSINSTALL:30)PEAK.SUM

7407 (4867) CHARS. TRANSMITTED

: 
: 
: 
: 
: 
: 
: 
COPY STARTING

(SSINSTALL:930)PEAK.SAV COPIED TO (SSINSTALL:32)PEAK.SAV

151727 (148835) CHARS. TRANSMITTED

COPY STARTING

(SSINSTALL:930)PEAK.HLP COPIED TO (SSINSTALL:32)PEAK.HLP

7434 (4986) CHARS. TRANSMITTED

COPY STARTING

(SSINSTALL:930)PEAK.CHT COPIED TO (SSINSTALL:32)PEAK.CHT

11745 (4106) CHARS. TRANSMITTED

COPY STARTING

(SSINSTALL:930)PEAK.KEY COPIED TO (SSINSTALL:32)PEAK.KEY

12488 (7310) CHARS. TRANSMITTED

COPY STARTING

(SSINSTALL:930)PEAK.NEW COPIED TO (SSINSTALL:32)PEAK.NEW

3110 (2128) CHARS. TRANSMITTED

COPY STARTING

(SSINSTALL:930)PEAK.SUM COPIED TO (SSINSTALL:32)PEAK.SUM

7407 (4867) CHARS. TRANSMITTED

: 
: 
: 
: 
: 
: 
: 
UPDATING STARTING

(SSINSTALL:930)PEAK.SAV UPDATED TO (SSINSTALL:33)PEAK.SAV

152064 (148852) CHARS. TRANSMITTED

COPY STARTING

(SSINSTALL:930)PEAK.HLP COPIED TO (SSINSTALL:33)PEAK.HLP

7434 (4986) CHARS. TRANSMITTED

COPY STARTING

(SSINSTALL:930)PEAK.CHT COPIED TO (SSINSTALL:33)PEAK.CHT

11745 (4106) CHARS. TRANSMITTED

COPY STARTING

(SSINSTALL:930)PEAK.KEY COPIED TO (SSINSTALL:33)PEAK.KEY

12488 (7310) CHARS. TRANSMITTED

COPY STARTING

(SSINSTALL:930)PEAK.NEW COPIED TO (SSINSTALL:33)PEAK.NEW

3110 (2128) CHARS. TRANSMITTED

COPY STARTING

(SSINSTALL:930)PEAK.SUM COPIED TO (SSINSTALL:33)PEAK.SUM

7407 (4867) CHARS. TRANSMITTED

: 
: 
: 
: 
: 
: 
COPY STARTING

(SSINSTALL:930)PEAK.SAV COPIED TO (SSINSTALL:34)PEAK.SAV

151727 (148835) CHARS. TRANSMITTED

COPY STARTING

(SSINSTALL:930)PEAK.HLP COPIED TO (SSINSTALL:34)PEAK.HLP

7434 (4986) CHARS. TRANSMITTED

COPY STARTING

(SSINSTALL:930)PEAK.CHT COPIED TO (SSINSTALL:34)PEAK.CHT

11745 (4106) CHARS. TRANSMITTED

COPY STARTING

(SSINSTALL:930)PEAK.KEY COPIED TO (SSINSTALL:34)PEAK.KEY

12488 (7310) CHARS. TRANSMITTED

COPY STARTING

(SSINSTALL:930)PEAK.NEW COPIED TO (SSINSTALL:34)PEAK.NEW

3110 (2128) CHARS. TRANSMITTED

COPY STARTING

(SSINSTALL:930)PEAK.SUM COPIED TO (SSINSTALL:34)PEAK.SUM

7407 (4867) CHARS. TRANSMITTED

: 
: 
: 
: 
: 
: 
: 
COPY STARTING

(SSINSTALL:930)PEAK.SAV COPIED TO (SSINSTALL:35)PEAK.SAV

151727 (148835) CHARS. TRANSMITTED

COPY STARTING

(SSINSTALL:930)PEAK.HLP COPIED TO (SSINSTALL:35)PEAK.HLP

7434 (4986) CHARS. TRANSMITTED

COPY STARTING

(SSINSTALL:930)PEAK.CHT COPIED TO (SSINSTALL:35)PEAK.CHT

11745 (4106) CHARS. TRANSMITTED

COPY STARTING

(SSINSTALL:930)PEAK.KEY COPIED TO (SSINSTALL:35)PEAK.KEY

12488 (7310) CHARS. TRANSMITTED

COPY STARTING

(SSINSTALL:930)PEAK.NEW COPIED TO (SSINSTALL:35)PEAK.NEW

3110 (2128) CHARS. TRANSMITTED

COPY STARTING

(SSINSTALL:930)PEAK.SUM COPIED TO (SSINSTALL:35)PEAK.SUM

7407 (4867) CHARS. TRANSMITTED

: 
: 
: 
: 
: 
: 
: 
COPY STARTING

(SSINSTALL:930)PEAK.SAV COPIED TO (SSINSTALL:36)PEAK.SAV

151727 (148835) CHARS. TRANSMITTED

COPY STARTING

(SSINSTALL:930)PEAK.HLP COPIED TO (SSINSTALL:36)PEAK.HLP

7434 (4986) CHARS. TRANSMITTED

COPY STARTING

(SSINSTALL:930)PEAK.CHT COPIED TO (SSINSTALL:36)PEAK.CHT

11745 (4106) CHARS. TRANSMITTED

COPY STARTING

(SSINSTALL:930)PEAK.KEY COPIED TO (SSINSTALL:36)PEAK.KEY

12488 (7310) CHARS. TRANSMITTED

COPY STARTING

(SSINSTALL:930)PEAK.NEW COPIED TO (SSINSTALL:36)PEAK.NEW

3110 (2128) CHARS. TRANSMITTED

COPY STARTING

(SSINSTALL:930)PEAK.SUM COPIED TO (SSINSTALL:36)PEAK.SUM

7407 (4867) CHARS. TRANSMITTED

: 
: 
: 
: 
: 
: 
: 
COPY STARTING

(SSINSTALL:930)PEAK.SAV COPIED TO (SSINSTALL:37)PEAK.SAV

151727 (148835) CHARS. TRANSMITTED

COPY STARTING

(SSINSTALL:930)PEAK.HLP COPIED TO (SSINSTALL:37)PEAK.HLP

7434 (4986) CHARS. TRANSMITTED

COPY STARTING

(SSINSTALL:930)PEAK.CHT COPIED TO (SSINSTALL:37)PEAK.CHT

11745 (4106) CHARS. TRANSMITTED

COPY STARTING

(SSINSTALL:930)PEAK.KEY COPIED TO (SSINSTALL:37)PEAK.KEY

12488 (7310) CHARS. TRANSMITTED

COPY STARTING

(SSINSTALL:930)PEAK.NEW COPIED TO (SSINSTALL:37)PEAK.NEW

3110 (2128) CHARS. TRANSMITTED

COPY STARTING

(SSINSTALL:930)PEAK.SUM COPIED TO (SSINSTALL:37)PEAK.SUM

7407 (4867) CHARS. TRANSMITTED

: 
: 
: 
: 
: 
: 
: 
CIRCUIT ZAPPED - ABORTING,  SYSTEM 38

: 
: 
: 
: 
: 
: 
: 
COPY STARTING

(SSINSTALL:930)PEAK.SAV COPIED TO (SSINSTALL:39)PEAK.SAV

151727 (148835) CHARS. TRANSMITTED

COPY STARTING

(SSINSTALL:930)PEAK.HLP COPIED TO (SSINSTALL:39)PEAK.HLP

7434 (4986) CHARS. TRANSMITTED

COPY STARTING

(SSINSTALL:930)PEAK.CHT COPIED TO (SSINSTALL:39)PEAK.CHT

11745 (4106) CHARS. TRANSMITTED

COPYTING

(SSINSTALL:930)PEAK.KEY COPIED TO (SSINSTALL:39)PEAK.KEY

12488 (7310) CHARS. TRANSMITTED

COPY STARTING

(SSINSTALL:930)PEAK.NEW COPIED TO (SSINSTALL:39)PEAK.NEW

3110 (2128) CHARS. TRANSMITTED

COPY STARTING

(SSINSTALL:930)PEAK.SUM COPIED TO (SSINSTALL:39)PEAK.SUM

7407 (4867) CHARS. TRANSMITTED

: 
: 
: 
: 
: 
: 
: 
COPY STARTING

(SSINSTALL:930)PEAK.SAV COPIED TO (SSINSTALL:54)PEAK.SAV

151727 (148835) CHARS. TRANSMITTED

COPY STARTING

(SSINSTALL:930)PEAK.HLP COPIED TO (SSINSTALL:54)PEAK.HLP

7434 (4986) CHARS. TRANSMITTED

COPY STARTING

(SSINSTALL:930)PEAK.CHT COPIED TO (SSINSTALL:54)PEAK.CHT

11745 (4106) CHARS. TRANSMITTED

COPY STARTING

(SSINSTALL:930)PEAK.KEY COPIED TO (SSINSTALL:54)PEAK.KEY

12488 (7310) CHARS. TRANSMITTED

COPY STARTING

(SSINSTALL:930)PEAK.NEW COPIED TO (SSINSTALL:54)PEAK.NEW

3110 (2128) CHARS. TRANSMITTED

COPY STARTING

(SSINSTALL:930)PEAK.SUM COPIED TO (SSINSTALL:54)PEAK.SUM

7407 (4867) CHARS. TRANSMITTED

: 
: 
: 
: 
: 
: 
: 
COPY STARTING

(SSINSTALL:930)PEAK.SAV COPIED TO (SSINSTALL:56)PEAK.SAV

151727 (148835) CHARS. TRANSMITTED

COPY STARTING

(SSINSTALL:930)PEAK.HLP COPIED TO (SSINSTALL:56)PEAK.HLP

7434 (4986) CHARS. TRANSMITTED

COPY STARTING

(SSINSTALL:930)PEAK.CHT COPIED TO (SSINSTALL:56)PEAK.CHT

11745 (4106) CHARS. TRANSMITTED

COPY STARTING

(SSINSTALL:930)PEAK.KEY COPIED TO (SSINSTALL:56)PEAK.KEY

12488 (7310) CHARS. TRANSMITTED

COPY STARTING

(SSINSTALL:930)PEAK.NEW COPIED TO (SSINSTALL:56)PEAK.NEW

3110 (2128) CHARS. TRANSMITTED

COPY STARTING

(SSINSTALL:930)PEAK.SUM COPIED TO (SSINSTALL:56)PEAK.SUM

7407 (4867) CHARS. TRANSMITTED

: 
: 
: 
: 
: 
: 
: 
COPY STARTING

(SSINSTALL:930)PEAK.SAV COPIED TO (SSINSTALL:65)PEAK.SAV

151727 (148835) CHARS. TRANSMITTED

COPY STARTING

(SSINSTALL:930)PEAK.HLP COPIED TO (SSINSTALL:65)PEAK.HLP

7434 (4986) CHARS. TRANSMITTED

COPY STARTING

(SSINSTALL:930)PEAK.CHT COPIED TO (SSINSTALL:65)PEAK.CHT

11745 (4106) CHARS. TRANSMITTED

COPY STARTING

(SSINSTALL:930)PEAK.KEY COPIED TO (SSINSTALL:65)PEAK.KEY

12488 (7310) CHARS. TRANSMITTED

COPY STARTING

(SSINSTALL:930)PEAK.NEW COPIED TO (SSINSTALL:65)PEAK.NEW

3110 (2128) CHARS. TRANSMITTED

COPY STARTING

(SSINSTALL:930)PEAK.SUM COPIED TO (SSINSTALL:65)PEAK.SUM

7407 (4867) CHARS. TRANSMITTED

: 
: 
: 
: 
: 
: 
: 
COPY STARTING

(SSINSTALL:930)PEAK.SAV COPIED TO (SSINSTALL:70)PEAK.SAV

151727 (148835) CHARS. TRANSMITTED

COPY STARTING

(SSINSTALL:930)PEAK.HLP COPIED TO (SSINSTALL:70)PEAK.HLP

7434 (4986) CHARS. TRANSMITTED

COPY STARTING

(SSINSTALL:930)PEAK.CHT COPIED TO (SSINSTALL:70)PEAK.CHT

11745 (4106) CHARS. TRANSMITTED

COPY STARTING

(SSINSTALL:930)PEAK.KEY COPIED TO (SSINSTALL:70)PEAK.KEY

12488 (7310) CHARS. TRANSMITTED

COPY STARTING

(SSINSTALL:930)PEAK.NEW COPIED TO (SSINSTALL:70)PEAK.NEW

3110 (2128) CHARS. TRANSMITTED

COPY STARTING

(SSINSTALL:930)PEAK.SUM COPIED TO (SSINSTALL:70)PEAK.SUM

7407 (4867) CHARS. TRANSMITTED

: 
: 
: 
: 
: 
: 
: 
COPY STARTING

(SSINSTALL:930)PEAK.SAV COPIED TO (SSINSTALL:72)PEAK.SAV

151727 (148835) CHARS. TRANSMITTED

COPY STARTING

(SSINSTALL:930)PEAK.HLP COPIED TO (SSINSTALL:72)PEAK.HLP

7434 (4986) CHARS. TRANSMITTED

COPY STARTING

(SSINSTALL:930)PEAK.CHT COPIED TO (SSINSTALL:72)PEAK.CHT

11745 (4106) CHARS. TRANSMITTED

COPY STARTING

(SSINSTALL:930)PEAK.KEY COPIED TO (SSINSTALL:72)PEAK.KEY

12488 (7310) CHARS. TRANSMITTED

COPY STARTING

(SSINSTALL:930)PEAK.NEW COPIED TO (SSINSTALL:72)PEAK.NEW

3110 (2128) CHARS. TRANSMITTED

COPY STARTING

(SSINSTALL:930)PEAK.SUM COPIED TO (SSINSTALL:72)PEAK.SUM

7407 (4867) CHARS. TRANSMITTED

: 
: 
: 
: 
: 
: 
: 
CIRCUIT ZAPPED - ABORTING,  SYSTEM 74

: 
: 
: 
: 
: 
: 
: 
COPY STARTING

(SSINSTALL:930)PEAK.SAV COPIED TO (SSINSTALL:90)PEAK.SAV

151727 (148835) CHARS. TRANSMITTED

COPY STARTING

(SSINSTALL:930)PEAK.HLP COPIED TO (SSINSTALL:90)PEAK.HLP

7434 (4986) CHARS. TRANSMITTED

UPDATING STARTING

(SSINSTALL:930)PEAK.CHT UPDATED TO (SSINSTALL:90)PEAK.CHT

2880 (1095) CHARS. TRANSMITTED

UPDATING STARTING

(SSINSTALL:930)PEAK.KEY UPDATED TO (SSINSTALL:90)PEAK.KEY

12672 (7471) CHARS. TRANSMITTED

UPDATING STARTING

(SSINSTALL:930)PEAK.NEW UPDATED TO (SSINSTALL:90)PEAK.NEW

3456 (2273) CHARS. TRANSMITTED

UPDATING STARTING

(SSINSTALL:930)PEAK.SUM UPDATED TO (SSINSTALL:90)PEAK.SUM

6336 (4377) CHARS. TRANSMITTED

: 
: 
: 
COPY STARTING

(SSINSTALL:930)PEAK.TUT COPIED TO (SSINSTALL:22)PEAK.TUT

20727 (15216) CHARS. TRANSMITTED

COPY STARTING

(SSINSTALL:930)PEAK.TXT COPIED TO (SSINSTALL:22)PEAK.TXT

35676 (23318) CHARS. TRANSMITTED

: 
: 
: 
SYSTEM UNAVAILABLE
: 
: 
: 
COPY STARTING

(SSINSTALL:930)PEAK.TUT COPIED TO (SSINSTALL:26)PEAK.TUT

20727 (15216) CHARS. TRANSMITTED

COPY STARTING

(SSINSTALL:930)PEAK.TXT COPIED TO (SSINSTALL:26)PEAK.TXT

35676 (23318) CHARS. TRANSMITTED

: 
: 
: 
COPY STARTING

(SSINSTALL:930)PEAK.TUT COPIED TO (SSINSTALL:27)PEAK.TUT

20727 (15216) CHARS. TRANSMITTED

COPY STARTING

(SSINSTALL:930)PEAK.TXT COPIED TO (SSINSTALL:27)PEAK.TXT

35676 (23318) CHARS. TRANSMITTED

: 
: 
: 
CIRCUIT ZAPPED - ABORTING,  SYSTEM 28

: 
: 
: 
COPY STARTING

(SSINSTALL:930)PEAK.TUT COPIED TO (SSINSTALL:29)PEAK.TUT

20727 (15216) CHARS. TRANSMITTED

COPY STARTING

(SSINSTALL:930)PEAK.TXT COPIED TO (SSINSTALL:29)PEAK.TXT

35676 (23318) CHARS. TRANSMITTED

: 
: 
: 
CIRCUIT ZAPPED - ABORTING,  SYSTEM 30

: 
: 
: 
COPY STARTING

(SSINSTALL:930)PEAK.TUT COPIED TO (SSINSTALL:32)PEAK.TUT

20727 (15216) CHARS. TRANSMITTED

COPY STARTING

(SSINSTALL:930)PEAK.TXT COPIED TO (SSINSTALL:32)PEAK.TXT

35676 (23318) CHARS. TRANSMITTED

: 
: 
: 
COPY STARTING

(SSINSTALL:930)PEAK.TUT COPIED TO (SSINSTALL:33)PEAK.TUT

20727 (15216) CHARS. TRANSMITTED

COPY STARTING

(SSINSTALL:930)PEAK.TXT COPIED TO (SSINSTALL:33)PEAK.TXT

35676 (23318) CHARS. TRANSMITTED

: 
: 
: 
COPY STARTING

(SSINSTALL:930)PEAK.TUT COPIED TO (SSINSTALL:34)PEAK.TUT

20727 (15216) CHARS. TRANSMITTED

COPY STARTING

(SSINSTALL:930)PEAK.TXT COPIED TO (SSINSTALL:34)PEAK.TXT

35676 (23318) CHARS. TRANSMITTED

: 
: 
: 
COPY STARTING

(SSINSTALL:930)PEAK.TUT COPIED TO (SSINSTALL:35)PEAK.TUT

20727 (15216) CHARS. TRANSMITTED

COPY STARTING

(SSINSTALL:930)PEAK.TXT COPIED TO (SSINSTALL:35)PEAK.TXT

35676 (23318) CHARS. TRANSMITTED

: 
: 
: 
COPY STARTING

(SSINSTALL:930)PEAK.TUT COPIED TO (SSINSTALL:36)PEAK.TUT

20727 (15216) CHARS. TRANSMITTED

COPY STARTING

(SSINSTALL:930)PEAK.TXT COPIED TO (SSINSTALL:36)PEAK.TXT

35676 (23318) CHARS. TRANSMITTED

: 
: 
: 
COPY STARTING

(SSINSTALL:930)PEAK.TUT COPIED TO (SSINSTALL:37)PEAK.TUT

20727 (15216) CHARS. TRANSMITTED

COPY STARTING

(SSINSTALL:930)PEAK.TXT COPIED TO (SSINSTALL:37)PEAK.TXT

35676 (23318) CHARS. TRANSMITTED

: 
: 
: 
COPY STARTING

(SSINSTALL:930)PEAK.TUT COPIED TO (SSINSTALL:38)PEAK.TUT

20727 (15216) CHARS. TRANSMITTED

COPY STARTING

(SSINSTALL:930)PEAK.TXT COPIED TO (SSINSTALL:38)PEAK.TXT

35676 (23318) CHARS. TRANSMITTED

: 
: 
: 
COPY STARTING

(SSINSTALL:930)PEAK.TUT COPIED TO (SSINSTALL:39)PEAK.TUT

20727 (15216) CHARS. TRANSMITTED

COPY STARTING

(SSINSTALL:930)PEAK.TXT COPIED TO (SSINSTALL:39)PEAK.TXT

35676 (23318) CHARS. TRANSMITTED

: 
: 
: 
COPY STARTING

(SSINSTALL:930)PEAK.TUT COPIED TO (SSINSTALL:54)PEAK.TUT

20727 (15216) CHARS. TRANSMITTED

COPY STARTING

(SSINSTALL:930)PEAK.TXT COPIED TO (SSINSTALL:54)PEAK.TXT

35676 (23318) CHARS. TRANSMITTED

: 
: 
: 
COPY STARTING

(SSINSTALL:930)PEAK.TUT COPIED TO (SSINSTALL:56)PEAK.TUT

20727 (15216) CHARS. TRANSMITTED

COPY STARTING

(SSINSTALL:930)PEAK.TXT COPIED TO (SSINSTALL:56)PEAK.TXT

35676 (23318) CHARS. TRANSMITTED

: 
: 
: 
COPY STARTING

(SSINSTALL:930)PEAK.TUT COPIED TO (SSINSTALL:65)PEAK.TUT

20727 (15216) CHARS. TRANSMITTED

COPY STARTING

(SSINSTALL:930)PEAK.TXT COPIED TO (SSINSTALL:65)PEAK.TXT

35676 (23318) CHARS. TRANSMITTED

: 
: 
: 
COPY STARTING

(SSINSTALL:930)PEAK.TUT COPIED TO (SSINSTALL:70)PEAK.TUT

20727 (15216) CHARS. TRANSMITTED

COPY STARTING

(SSINSTALL:930)PEAK.TXT COPIED TO (SSINSTALL:70)PEAK.TXT

35676 (23318) CHARS. TRANSMITTED

: 
: 
: 
COPY STARTING

(SSINSTALL:930)PEAK.TUT COPIED TO (SSINSTALL:72)PEAK.TUT

20727 (15216) CHARS. TRANSMITTED

COPY STARTING

(SSINSTALL:930)PEAK.TXT COPIED TO (SSINSTALL:72)PEAK.TXT

35676 (23318) CHARS. TRANSMITTED

: 
: 
: 
CIRCUIT ZAPPED - ABORTING,  SYSTEM 74

: 
: 
: 
UPDATING STARTING

(SSINSTALL:930)PEAK.TUT UPDATED TO (SSINSTALL:90)PEAK.TUT

8064 (6084) CHARS. TRANSMITTED

UPDATING STARTING

(SSINSTALL:930)PEAK.TXT UPDATED TO (SSINSTALL:90)PEAK.TXT

35712 (23115) CHARS. TRANSMITTED

: 
COPY STARTING

(SSINSTALL:930)PEAK.SAV COPIED TO (SSINSTALL:55)PEAK.SAV

151727 (148835) CHARS. TRANSMITTED

COPY STARTING

(SSINSTALL:930)PEAK.HLP COPIED TO (SSINSTALL:55)PEAK.HLP

7434 (4986) CHARS. TRANSMITTED

COPY STARTING

(SSINSTALL:930)PEAK.CHT COPIED TO (SSINSTALL:55)PEAK.CHT

11745 (4106) CHARS. TRANSMITTED

COPY STARTING

(SSINSTALL:930)PEAK.KEY COPIED TO (SSINSTALL:55)PEAK.KEY

12488 (7310) CHARS. TRANSMITTED

COPY STARTING

(SSINSTALL:930)PEAK.NEW COPIED TO (SSINSTALL:55)PEAK.NEW

3110 (2128) CHARS. TRANSMITTED

COPY STARTING

(SSINSTALL:930)PEAK.SUM COPIED TO (SSINSTALL:55)PEAK.SUM

7407 (4867) CHARS. TRANSMITTED

: 
: 
: 
: 
: 
: 
: 
COPY STARTING

(SSINSTALL:930)PEAK.SAV COPIED TO (SSINSTALL:57)PEAK.SAV

151727 (148835) CHARS. TRANSMITTED

COPY STARTING

(SSINSTALL:930)PEAK.HLP COPIED TO (SSINSTALL:57)PEAK.HLP

7434 (4986) CHARS. TRANSMITTED

COPY STARTING

(SSINSTALL:930)PEAK.CHT COPIED TO (SSINSTALL:57)PEAK.CHT

11745 (4106) CHARS. TRANSMITTED

COPY STARTING

(SSINSTALL:930)PEAK.KEY COPIED TO (SSINSTALL:57)PEAK.KEY

12488 (7310) CHARS. TRANSMITTED

COPY STARTING

(SSINSTALL:930)PEAK.NEW COPIED TO (SSINSTALL:57)PEAK.NEW

3110 (2128) CHARS. TRANSMITTED

COPY STARTING

(SSINSTALL:930)PEAK.SUM COPIED TO (SSINSTALL:57)PEAK.SUM

7407 (4867) CHARS. TRANSMITTED

: 
: 
: 
: 
: 
: 
: 
COPY STARTING

(SSINSTALL:930)PEAK.SAV COPIED TO (SSINSTALL:79)PEAK.SAV

151727 (148835) CHARS. TRANSMITTED

COPY STARTING

(SSINSTALL:930)PEAK.HLP COPIED TO (SSINSTALL:79)PEAK.HLP

7434 (4986) CHARS. TRANSMITTED

COPY STARTING

(SSINSTALL:930)PEAK.CHT COPIED TO (SSINSTALL:79)PEAK.CHT

11745 (4106) CHARS. TRANSMITTED

COPY STARTING

(SSINSTALL:930)PEAK.KEY COPIED TO (SSINSTALL:79)PEAK.KEY

12488 (7310) CHARS. TRANSMITTED

COPY STARTING

(SSINSTALL:930)PEAK.NEW COPIED TO (SSINSTALL:79)PEAK.NEW

3110 (2128) CHARS. TRANSMITTED

COPY STARTING

(SSINSTALL:930)PEAK.SUM COPIED TO (SSINSTALL:79)PEAK.SUM

7407 (4867) CHARS. TRANSMITTED

: 
: 
: 
: 
: 
: 
: 
COPY STARTING

(SSINSTALL:930)PEAK.TUT COPIED TO (SSINSTALL:55)PEAK.TUT

20727 (15216) CHARS. TRANSMITTED

COPY STARTING

(SSINSTALL:930)PEAK.TXT COPIED TO (SSINSTALL:55)PEAK.TXT

35676 (23318) CHARS. TRANSMITTED

: 
: 
: 
COPY STARTING

(SSINSTALL:930)PEAK.TUT COPIED TO (SSINSTALL:57)PEAK.TUT

20727 (15216) CHARS. TRANSMITTED

COPY STARTING

(SSINSTALL:930)PEAK.TXT COPIED TO (SSINSTALL:57)PEAK.TXT

35676 (23318) CHARS. TRANSMITTED

: 
: 
: 
COPY STARTING

(SSINSTALL:930)PEAK.TUT COPIED TO (SSINSTALL:79)PEAK.TUT

20727 (15216) CHARS. TRANSMITTED

COPY STARTING

(SSINSTALL:930)PEAK.TXT COPIED TO (SSINSTALL:79)PEAK.TXT

35676 (23318) CHARS. TRANSMITTED

: 
: 
:    ]p