  who            where          files   pages

*1BATCH        SYS                   3      44    
*1BATCH        UFD                   1       8    
*1KEN          *1KEN                21      58    
*1KEN          UTIL                  3       6    
*6NEWS         *6NEWS                4      79    
*6NEWS         UFD                   1       8    
11BASE         GLYONS                1      23    
11BASE         JWR                   2      17    
11BASE         TOOLS11               2      25    
11BASE         UFD                   2       5    
11CURR         CURR11                6      29    
11CURR         NEW11                 3      73    
11CURR         UFD                   2       9    
11NEW          NEW11               175    1565    
ACT10          UFD                   1       1    
ACTRTY         ACTRTY                1       2    
ACTRTY         UFD                   1       8    
ADELE          *6NEWS                5      10    
ADELE          ADELE               196    1223    
ADELE          CARL                  1       3    
ADELE          FTSYS                 1      18    
ADELE          GADOL                 3      37    
ADELE          M33                   1       2    
ADELE          MONDOC                1       8    
ADELE          OSNF                  3      59    
ADELE          PARTY                 1       2    
ADELE          SPOOL                 1       2    
ADELE          SYS                   1      27    
ADELE          UFD                   1       8    
ALLENG         ALLENG               17     258    
ALLENG         UFD                   1       8    
APPSUP         APPSUP                1       4    
BILLING10      BILLING10             5     191    
BILLING10      SSBACKUP              2     185    
BILLING10      UAS                   6     374    
BILLING10      UFD                   1       3    
BLOMD          BLOMD                14     225    
BOLTONL        BOLTONL              28     207    
BOLTONL        GLYONS                1      14    
BOLTONL        KSBACK               53     397    
BOLTONL        M33                  32     397    
BOLTONL        STAMMERS              1      18    
BOLTONL        SYS                   3     237    
BPUTNEY        BPUTNEY              22     134    
BURRIESCIN     BURRIESCIN            1       9    
BURRIESCIN     PJ                    1       2    
CALSTATE       ACTRTY                5      33    
CALSTATE       BLOMD                 1     142    
CALSTATE       CALSTATE             31     256    
CALSTATE       CARL                  1      44    
CALSTATE       EXETEST               2     128    
CALSTATE       GAMES                 1       2    
CALSTATE       IMSLANDE              1       2    
CALSTATE       MPL                   3      81    
CALSTATE       OSP                   4    1444    
CALSTATE       QABUILDM33            3       6    
CALSTATE       QABUILDOSC           10      29    
CALSTATE       QALIBSYM              5     441    
CALSTATE       QASYS                 2      33    
CALSTATE       SALTYRON              1       3    
CALSTATE       SPPARCH               1      19    
CALSTATE       SYS                   2      25    
CALSTATE       TSUCOOP               5     532    
CALSTATE       UFD                   2      16    
CALSTATE       UTIL                  1      11    
CALSTATE       VUE                   1     966    
CALSTATE       XXARC                 8      69    
CARL           *1BATCH               1       2    
CARL           ACTRTY               16      74    
CARL           ADELE                 2      14    
CARL           CARL                551    5524    
CARL           DOCAIL                1       2    
CARL           EMACS                32     572    
CARL           EXETEST              63     688    
CARL           FTSYS                12     141    
CARL           GADOL                 1      32    
CARL           GAMES                 7      80    
CARL           IMPORT               71     870    
CARL           LPTSPL               37     229    
CARL           M33                  86    1745    
CARL           MONDOC               11      38    
CARL           MPL                 119    1703    
CARL           OSB                   2       4    
CARL           OSP                   2       4    
CARL           P4A60407              1       1    
CARL           PARTY                 1       2    
CARL           PUB                   1       2    
CARL           RUSSELLB              1       2    
CARL           SDERRY                1       2    
CARL           SPL                  28     108    
CARL           SPOOL                16      35    
CARL           SPPOPER               2      47    
CARL           SSBACKUP              4      54    
CARL           SSPRINT              63    1566    
CARL           SSSPOOL              62     557    
CARL           SYS                  25     508    
CARL           T20MON              168    2712    
CARL           TODD                  1       4    
CARL           TSUCOOP               2       4    
CARL           UFD                  10      66    
CARL           VUE                  45     356    
CARL           XEXEC                27      90    
CARL           XXARC                39    1427    
CARL           YEUX                162    1557    
CD             ACTRTY                1       2    
CD             CD                    1       2    
CD             UFD                   1       8    
CHKACT10       CHKACT10             46     546    
CLYDE          CLYDE                 1       4    
CLYDE          JWR                   1       4    
CTMKTG1        CTMKTG1               4       8    
CUD10          CUD10                 8      47    
CUD10          SYS                   1       8    
CUD10          UFD                   1       7    
CUD10          UPL                   1     770    
DALE           SYS                   1       3    
DANIELSR       *1KEN                 2      34    
DANIELSR       DANIELSR             12      67    
DANIELSR       UTIL                  2     189    
DARREN         ACTRTY                1       2    
DARREN         CRASH                68     223    
DARREN         DARREN               85     688    
DARREN         GAMES                17     151    
DARREN         LOIS                  2      10    
DARREN         M33                 249    4428    
DARREN         MONDOC                1       9    
DARREN         MPL                   2       4    
DARREN         PJ                    1       2    
DARREN         SOCCI                 5      27    
DARREN         SYS                   3     149    
DARREN         TODD                  1       4    
DARREN         UFD                   2      14    
DARREN         WFW                  61     662    
DARREN         WRS                   3       8    
DAUGHERTY      DAUGHERTY             6      49    
DAUGHERTY      UPL                   8      39    
DERNST         CURR11                5      56    
DERNST         DERNST                1      24    
DERNST         SYS                   5     135    
DIAG           DIAG                 12      72    
DIAG           UFD                   1       7    
DIAG10         DIAG                  1       2    
DIAG10         DIAG10               86    1451    
DIAG10         UFD                   1       8    
DIAGSRC        DIAG10                2       5    
DMCQ           DMCQ                  2      17    
DMCQ           UFD                   1       3    
DOCAIL         DOCAIL               26     199    
DONAHUE        CURR11                1       6    
DONAHUE        DIAG10                1       2    
DONAHUE        DONAHUE               3      36    
DONAHUE        GAMES                 1       3    
DUPJOB10       UFD                   1       1    
DWS            ACTRTY                1       8    
DWS            CARL                  1       2    
DWS            DED                  67     522    
DWS            DWS                 156     769    
DWS            GAMES                 2       4    
DWS            M33                   4      97    
DWS            MAIL                  4       8    
DWS            MPL                   5      35    
DWS            SAILIB               20      54    
DWS            SGAVETTE              1       2    
DWS            SYS                   7     128    
DWS            WRS                   5      47    
ERNSTD         *1BATCH               2       4    
ERNSTD         CURR11              707    4727    
ERNSTD         DERNST              119     923    
ERNSTD         NEW11               177    1116    
ERNSTD         SYS                   1      19    
ERNSTD         TOOLS11              31     261    
ERNSTD         UFD                   5      46    
FBATCH         FBATCH                2      35    
FBATCH         UFD                   2       2    
FIDDLERD       FIDDLERD              1       3    
FRANK          UPL                  18      20    
FREITASJ       UFD                   1       1   ENCH         FRENCH                8     186    
FTMAGNUM       UFD                   1       8    
FTSYS          FTSYS                18     381    
FUNK           FUNK                 23      95    
GADOL          GADOL                12     207    
GADOL          SYS                   1       4    
GADOL          UFD                   1       8    
GAMES          GAMES                 3      72    
GAZEL          CURR11                2       7    
GAZEL          GAZEL                 1      28    
GAZEL          SYS                   2      41    
GAZEL          UFD                   2       2    
GBLOOD         QASYS                 1       2    
GIGO           UFD                   1       1    
GINZBURGA      ALLENG               51     944    
GINZBURGA      GINZBURGA           287    1415    
GINZBURGA      M33                   1      12    
GINZBURGA      MONDOC                1       5    
GINZBURGA      MPL                   1       2    
GINZBURGA      SYS                   3      73    
GINZBURGA      UFD                   2      14    
GLYONS         BLOMD                 3     402    
GLYONS         GLYONS              132     769    
GLYONS         KL10                  1     192    
GLYONS         KS2020               16      99    
GLYONS         KSBACK               16     177    
GLYONS         M33                  22     133    
GLYONS         MPL                   2       7    
GLYONS         OSP                   2     155    
GLYONS         SYS                   3      54    
GLYONS         UFD                   4      18    
GODFREYP       GODFREYP             52    1025    
HIATT          HIATT                50     262    
HOLLAND        DIAG                  9     244    
IMPORT         UFD                   1       8    
IMSLANDE       IMSLANDE             58     804    
IMSLANDE       SYS                   5      41    
IMSLANDE       SYSADM20              9     193    
IMSLANDE       SYSADM21              1       9    
IMSLANDE       SYSBACKUP             1       3    
IMSLANDE       UFD                   1       8    
INFO           INFO                 15     104    
INTACT         INTACT                1       6    
ISHANW         CURR11                6      21    
ISHANW         ISHANW               14      29    
ISINSTALL      UPL                   1      34    
IWU            IWU                   1       2    
JAIL           FTSYS                 3     105    
JAIL           JAIL                  3     121    
JEANC          JEANC                10      22    
JWR            CURR11               16     144    
JWR            JWR                  23     184    
JWR            NEW11                 3       6    
JWR            TOOLS11               8     129    
KEN            *1BATCH               1       8    
KEN            DWS                  10     134    
KEN            GADOL                77    1136    
KEN            KEN                 139     928    
KEN            KENDEV                3      22    
KEN            MAIL                  1       3    
KEN            MPL                   1      28    
KEN            SHC                  30     242    
KEN            SNARL                 4      19    
KEN            SPL                   2      27    
KEN            SPOOL                 1      17    
KEN            SYS                   1     146    
KEN            TSUCOOP               7      22    
KERSHAW        SYS                   4     139    
KERSHAW        UPL                   1       3    
KOPFJ          UPL                   1      20    
KS2020         KS2020               91     952    
KS2020         KSBACK                6      23    
LARUE          LARUE                 1       2    
LENKOV         LENKOV               17     213    
LENKOV         PARTY                 1       2    
LENKOV         WRS                   1       2    
LEWISE         LEWISE               11      24    
LOIS           *1BATCH               3      10    
LOIS           ACTRTY               39     177    
LOIS           ADELE                 1       2    
LOIS           KL10                  6      63    
LOIS           KS2020                3       6    
LOIS           LOIS                213    1132    
LOIS           M33                 157    1053    
LOIS           MFICHE                2      13    
LOIS           MONDOC                3      29    
LOIS           MPL                   6      92    
LOIS           OSB                 183    1878    
LOIS           OSP                 304    4614    
LOIS           SBILL2                1       1    
LOIS           SLIAPL10              2       4    
LOIS           SOCCI                 1      12    
LOIS           SPOOL                 4       8    
LOIS           SPPARCH              42    1115    
LOIS           SYS                   3       6    
LOIS           TSUCOOP              10      47    
LOIS           TYMXMTS               1       2    
LOIS           UFD                   1       7    
LOIS           WRS                  37      92    
LOIS           YEUX                  2      61    
LONGUSERNAME   SPOOL                 1       2    
LONGUSERNAME   SSSPOOL               3      24    
M33            KL10                  1      13    
M33            M33                  56     233    
M33            MPL                   4      15    
M33            SYS                   1      20    
MAGNUM         UFD                   1       8    
MAIL           M33                   5      63    
MAIL           MONDOC                1       4    
MAIL           MPL                  14      50    
MAIL           SYS                   1       2    
MAIL           UFD                   1       8    
MAIL           UTIL                  1       3    
MAIL           WRS                  38     156    
MARTINEZ       UTIL                  2      25    
MATOKA         M33                  39     412    
MATOKA         MATOKA               10     112    
MATOKA         MONDOC               37     167    
MATOKA         MPL                  39     354    
MATOKA         QABUILDOSC            2       6    
MATOKA         SYS                   6      54    
MATOKA         UFD                   3      18    
MATOKA         UTIL                  3      14    
MCH            ACTRTY                1       2    
MCH            ADELE                 2       6    
MCH            MCH                  31     269    
MCH            MPL                   1       5    
MCH            PUB                  11      45    
MCH            RUSSELLB              3       9    
MCH            SAILIB                2      12    
MCH            SPL                   3       7    
MILLERD        MILLERD              14      59    
MILLERD        SYS                   1      13    
MONDOC         MONDOC               16     131    
MONDOC         UFD                   1       8    
MONTAGNA       MONTAGNA             18     214    
MPL            CARL                  1       2    
MPL            MPL                  15     118    
NET3           NET3                  5      45    
NOS            NOS                   5      19    
OPER           *1KEN                 3      19    
OPER           DIAG10                1       2    
OPER           GINZBURGA            15     206    
OPER           HOLD                  1     362    
OPER           IMSLANDE              3       8    
OPER           M33                   8     523    
OPER           OPER                 18     427    
OPER           PUB                   5      59    
OPER           SDANIELS              2       8    
OPER           SYS                  72    2288    
OPER           UFD                   5      23    
OPER           UN1                  32    1722    
OPER           UPL                   2      16    
OPER           UTIL                 35     267    
OPER           WRS                   3     234    
OPER           YAMM                  1      21    
OSB            UFD                   1       8    
OSNF           GINZBURGA             2     201    
OSNF           M33                   1       2    
OSNF           OSNF                  1       2    
OSP            UFD                   1       8    
PARTY          PARTY                 2       3    
PCHIN          PCHIN                 2       7    
PJ             PJ                    2       4    
PJ             UFD                   1       8    
PRODBILL       UPL                   1       2    
PUB            PUB                   2       5    
QASYS          QASYS                 3       8    
QASYS          SYSBACKUP             1       2    
RCMTEST        UFD                   1       1    
RSTEVENS       RSTEVENS              8      53    
RSTRAUSS       RSTRAUSS             22     138    
RSTRAUSS       UFD                   2      15    
RUSSELLB       ACTRTY                1       2    
RUSSELLB       RUSSELLB            133    1197    
RVIVIER        RVIVIER               7      36    
SAILIB         SAILIB               33     248    
SAL            UFD                   1       1    
SALTYRON       *6NEWS                2       7    
SALTYRON       FTTBA                 1       2    
SALTYRON       QASYS                13      87    
SALTYRON       SALTYRON            225    1175    
SALTYRON       SYS                   8      52    
SALTYRON       SYSNEWS               2       5    
SALTYRON       UFD                   3      10    
SALTYRON       UPL                  10     149    
SALTYRON       UTIL                  1       3    
SALTYRON       XMAGNUM               1       2    
SDANIELS       ACTRTY                1       2    
SDANIELS       CARL                  2      18    
SDANIELS       CMUAIL               12     148    
SDANIELS       DOCAIL               24     249    
SDANIELS       DWS                   1       2    
SDANIELS       FJSAIL               11      74    
SDANIELS       FTSYS                 1      43    
SDANIELS       JAIL                 17     358    
SDANIELS       KEN                   1       2    
SDANIELS       KL10                 21     784    
SDANIELS       MONDOC                7     433    
SDANIELS       MPL                  22     434    
SDANIELS       PUB                   1      86    
SDANIELS       SAIL                154    1930    
SDANIELS       SAILFOO              59     434    
SDANIELS       SAILIB               88     463    
SDANIELS       SAILTEST            116    1970    
SDANIELS       SALTYRON              1      40    
SDANIELS       SDANIELS            921    6634    
SDANIELS       SNARL                18     108    
SDANIELS       SOCCI                 1       2    
SDANIELS       SPL                  26     131    
SDANIELS       SYS                   1       2    
SDANIELS       TYMGRIPE              7      30    
SDANIELS       UFD                   5      36    
SDANIELS       UORAIL               42     108    
SDANIELS       WRS                   2      13    
SDANIELS       XAIL                  3      93    
SDANIELS       XEXEC                 2      15    
SDERRY         ACTRTY                1       9    
SDERRY         SDERRY              235    1172    
SDUNHAM        SDUNHAM              11      54    
SGAVETTE       PARTY                 1       2    
SGAVETTE       PASCALQA              8     202    
SGAVETTE       SALTYRON              9     378    
SGAVETTE       SGAVETTE             33     377    
SGAVETTE       SPL                   1       3    
SGAVETTE       UFD                   3       8    
SIMULA         UFD                   1       1    
SLIAPL10       SLIAPL10             34     424    
SLIAPL10       SLIAPLQA              2     145    
SLIAPLQA       SLIAPLQA             10      40    
SLISYS         SLISYS               66     554    
SOCCI          DIAG10                1       9    
SOCCI          KL10                119    2269    
SOCCI          M33                 124     756    
SOCCI          MONDOC               50     292    
SOCCI          MPL                  80     828    
SOCCI          SLIAPL10              1       2    
SOCCI          SOCCI               352    2012    
SOCCI          SYS                   7     111    
SOCCI          UFD                   5      47    
SOCCI          UPL                   3       6    
SOCCI          UTIL                  2      19    
SOCCI          WFWCUSP               1       4    
SOLON          UFD                   1       1    
SOLON          UPL                   4      44    
SPL            SPL                   1       2    
SPOOL          SPOOL                 3      26    
SPOOL          UFD                   1       8    
SPOOLRM        UFD                   1       1    
SPPOPER        LOIS                  1      18    
SPPOPER        SPPOPER               2      53    
SPPOPER        SSPRINT               1       2    
SRA            SRA                  27     154    
SRA            SRAFT                 1       2    
SRA1           SRA1                 15     123    
SRACRT         SRACRT               10     164    
SRAFT          SRAFT                 7     110    
SRAMOV         SRAMOV                1      11    
SRATECH        SRATECH               2      19    
SRATECH        SRAUTIL               9     111    
SRAUTIL        SRAUTIL              11     117    
SSBACKUP       ACTRTY                1       2    
SSEEHAFER      SSEEHAFER             1       2    
SSEREP         CUD10                 1      30    
SSEREP         SRACRT                1       2    
SSEREP         SRATECH               2      19    
SSEREP         SRAUTIL               2      33    
SSEREP         SSEREP                3       6    
SSEREP         SYS                   2      34    
SSEREP         UFD                   3      11    
SSEREP         UTIL                  1       3    
SSINSTALL      *6NEWS               69    1722    
SSINSTALL      ACTRTY                1       7    
SSINSTALL      FTMAGNUM             28    4497    
SSINSTALL      FTSYS                47     864    
SSINSTALL      JAIL                 16     201    
SSINSTALL      M33                   3      22    
SSINSTALL      MAGNUM               29    4011    
SSINSTALL      MILLERD              20     238    
SSINSTALL      QASYS                22     442    
SSINSTALL      SAILIB               22     176    
SSINSTALL      SALTYRON              8      20    
SSINSTALL      SPL                   1      14    
SSINSTALL      SSBACKUP              9     315    
SSINSTALL      SSINSTALL           112    1020    
SSINSTALL      SYS                 403    8598    
SSINSTALL      SYSINST               1     154    
SSINSTALL      SYSNEWS              29     330    
SSINSTALL      TBATLIB              13     408    
SSINSTALL      UFD                   2      14    
SSINSTALL      UPL                  14     178    
SSINSTALL      UTIL                 14      75    
SSPRINT        SSPRINT               1       2    
SSPRINT        UFD                   1       8    
STAMMERS       STAMMERS             14      95    
SYSADM21       SYSADM21              2       5    
SYSINST        SYSINST               1     155    
SYSINST        UFD                   3      11    
SYSTECH        SYSTECH               4      39    
SYSTECH        WRS                   2       7    
TADDEO         TADDEO               10      26    
TBATLIB        TBATLIB              48     477    
TJB            ACTRTY                5      46    
TJB            DED                   4      71    
TJB            GLYONS                1       2    
TJB            KEN                   1       4    
TJB            MPL                   1       6    
TJB            SAILTEST              2     141    
TJB            SLISYS                1       2    
TJB            SYS                   3      19    
TJB            TJB                  72     716    
TJB            UFD                   2      16    
TJB            XPPTEST               1      16    
TJB            ZORK                101     395    
TNXAIL         TNXAIL               67     587    
TODD           CARL                  3      13    
TODD           M33                  98    2675    
TODD           MONDOC                2       6    
TODD           MPL                  43     379    
TODD           OSNF                  1       1    
TODD           OSP                  18      80    
TODD           SDANIELS              1       6    
TODD           SYS                  12     839    
TODD           T20MON                1       2    
TODD           TODD                286    1793    
TODD           UFD                   1       1    
TRUCONTROL     UFD                   1       1    
TSUCOOP        ACTRTY               27     146    
TSUCOOP        CALSTATE              1       2    
TSUCOOP        M33                   4      12    
TSUCOOP        PARTY                 2       4    
TSUCOOP        TSUCOOP             206    4455    
TSUCOOP        WRS                   2       6    
TYMXMTS        TYMXMTS              59     288    
UAS            UAS                   3     101    
UAS            UFD                   1       8    
UIS            UPL                   2      18    
UPL            UFD                   1       8    
UPL            UPL                 223    3131    
UTIL           UFD                   1       8    
UTIL           UTIL                 20     200    
VALDEV         VALDEV                1      18    
VALIDATE       CUD10                 1       2    
VALIDATE       PJ                   10      48    
VALIDATE       SDANIELS              1       2    
VALIDATE       UFD                   1       8    
VALIDATE       UPL                   1       2    
VALIDATE       UTIL                  1       2    
VLEARV         VLEARV                1       2    
VUE            EXETEST               1       2    
VUE            VUE                  20      89    
VUE            YEUX                  1       3    
WESTLAKE       UFD                   1       1    
WFW            MONDOC                5      17    
WFW            MPL                   2      15    
WFW            SYS                   1      16    
WFW            UFD                   1       8    
WFW            WFW                  13      47    
WFWCUSP        MPL                  18     127    
WFWCUSP        SYS                   2      16    
WFWCUSP        UFD                   1       2    
WRS            ACTRTY               10      34    
WRS            ALARM                 1     165    
WRS            BOLTONL               3       8    
WRS            BPUTNEY               2       7    
WRS            CARL                  1       2    
WRS            CUD10                 1       2    
WRS            DED                   1       2    
WRS            DWS                   4      44    
WRS            EMACS                13     524    
WRS            FRENCH                2      29    
WRS            FTSYS                 2      57    
WRS            GLYONS                1       3    
WRS            INFO                 10     255    
WRS            KL10                  5      28    
WRS            KS2020                3      14    
WRS            M33                 187    1741    
WRS            MONDOC               45     536    
WRS            MPL                 146    1058    
WRS            OSP                   8     116    
WRS            PARTY                 6      25    
WRS            PERP                  8      33    
WRS            PUB                  18     976    
WRS            QABUILDM33            2       4    
WRS            RUSSELLB              3      15    
WRS            SAILIB                8      27    
WRS            SDANIELS              6      89    
WRS            SGAVETTE              1       2    
WRS            SYS                  39     927    
WRS            TODD                  5      40    
WRS            TYMXMTS              73     414    
WRS            UFD                  25     153    
WRS            UPL                   1      57    
WRS            WRS                 660    3935    
WRS            XEXEC               123     808    
WRS            XMAIL                25     134    
WRS            XXARC                 3     183    
WRS            YAMM                  2      31    
XAIL           XAIL                 47     226    
XCONSULT       XCONSULT              5      35    
XEXEC          XEXEC                 3       5    
YAMM           YAMM                  9      75    
YEUX           VUE                   1       2    
YEUX           YEUX                 11      79    
[0]            DED                   1       2    
[0]            SYS                   2      50    
[0]            UFD                 110     522    
[1,115503]     SYS                   1      26    
[1,115503]     UTIL                  1       3    
[1,66734]      *6NEWS                1       2    
[100,200]      IMPORT               47     269    
[100,77]       IMPORT                6      22    
[11010,200063] UTIL                  8      46    
[11011,107547] UPL                   1      25    
[11011,123533] UPL                   1       7    
[11011,145460] UFD                   1       1    
[11011,145460] UPL                  31     471    
[11011,153604] UPL                   2      11    
[11011,154005] UPL                   4     174    
[11011,246076] SYS                   1      13    
[11016,107610] SYS                   4      48    
[11016,107621] *6NEWS                2       9    
[11016,107621] SALTYRON              1       2    
[11016,107621] SYS                  15     359    
[11016,107621] SYSNEWS               2       5    
[11016,107625] SSBACKUP              1      22    
[11016,107740] *6NEWS                1       2    
[11016,107761] SYS                   1       2    
[11016,107763] SYS                   4       8    
[11016,107766] SYS                   1      18    
[11016,110054] SYS                   2       7    
[11016,121324] QASYS                 3       6    
[11016,125461] QASYS                 2      16    
[11016,125461] SYS                   1       3    
[11016,126265] SYS                   1       2    
[11016,126265] SYSNEWS               2      13    
[11016,152110] QASYS                 2       6    
[11016,162243] FJSAIL                1      22    
[11016,162243] MPL                   2      11    
[11016,162243] QASYS                 2      50    
[11017,117516] UPL                  14      14    
[11447,145647] UPL                   1       2    
[11447,147601] SYS                   3      25    
[11447,164370] GINZBURGA             1       4    
[11447,247437] ALARM                 3       8    
[12,6]         SYS                   3      23    
[12,7]         SYS                   1       2    
[13,54420]     UPL                   1       5    
[13,67123]     SYS                   2      21    
[13107,126342] SYS                   1      32    
[1356,16752]   SYS                   1       2    
[1371,17064]   SYS                   8      28    
[1371,42256]   SYS                   9      54    
[16305,163403] UFD                   1      15    
[16305,163403] WRS                   2       6    
[17,57]        SYS                   1       9    
[2,5]          UFD                   3      21    
[23,6]         SYS                   1       2    
[26132,240025] SLIAPL10              1       2    
[3,124311]     GINZBURGA             3       7    
[3,124311]     M33                   1      14    
[3,124311]     MPL                   6     104    
[3,124311]     SYS                   3     112    
[3,124311]     UPL                   2      10    
[3,125127]     BLOMD                 1      10    
[3,125127]     M33                  11      60    
[3,125127]     MONDOC                1       3    
[3,125127]     MPL                   1       6    
[3,125127]     SYS                   1       2    
[3,220711]     ALARM                28      99    
[3,220711]     EMACS                23     315    
[3,220711]     FORK                  3      12    
[3,220711]     M33                   2       4    
[3,220711]     MONDOC                1       2    
[3,220711]     MPL                   2     109    
[3,220711]     UFD                   3      20    
[3,220711]     WFW                   2       9    
[3,220711]     WRS                   1      12    
[3,233114]     KSBACK                5      42    
[3,235435]     MPL                   3       6    
[3,235435]     UFD                   1       1    
[3,271147]     GAMES                 1      54    
[3,271147]     QASYS                 1      21    
[3,50162]      SPPARCH               1      73    
[34,130747]    UPL                   1      12    
[4,125551]     UFD                   2       2    
[4,125551]     UPL                   2       4    
[4,51047]      UPL                   2       8    
[5016,46247]   SYS                   1       2    
[6,206]        SYS                  13     135    
[6,221]        SYS                   8      92    
[6,22766]      SYS                   8      54    
[6,227]        SYS                   5      40    
[6,236]        MPL                   1      25    
[6,236]        SYS                  14     108    
[6,47430]      SYS                  15     119    
[6,65507]      SYS                   1       9    
[6,65673]      SYS                   1       9    
[6,65674]      SYS                   1       4    
[6,71401]      SYS                   1       3    
[6,76615]      SYS                   2      19    
[6,76755]      SYSNEWS               1       2    
[6015,500]     UPL                   6      63    
[7,163561]     SYS                   1       2    
[7,416]        SYS                   1      26    
[7250,76107]   UPL                   1       2    
]Y\r