

                          DISK USAGE REPORT
                               All Gans

Previous Run Date & Time :  1 AUG 84      09:45
Present  Run Date & Time :  6 AUG 84      12:46
Old File Date            :  1 JAN 64
File Storage is Shown in Pages

    USER               CURRENT     PREVIOUS    DIFFERENCE   OLD
----------------------------------------------------------------------
*1BATCH                  72          72           0           0
*1KEN                   115         115           0           0
*4INV                     0           0           0           0
*4INV2                    0           0           0           0
*4INV3                    0           0           0           0
*4PROG                    0           0           0           0
*4RAWACCT                 0           0           0           0
*6NEWS                 1840        1840           0           0
ABELE                     0           0           0           0
ABLAM                     0           0           0           0
ACT10                     0           0           0           0
ACTGTYM                   0           0           0           0
ACTRTY                  179         177           2           0
ADELE                  1613        1613           0           0
ALARM                   272         272           0           0
ALLEN                     0           0           0           0
ALLENG                  738         738           0           0
AP.ACSUP                  0           0           0           0
APPSUP                    4           4           0           0
AR.REP                    0           0           0           0
AUDLIB                    0           0           0           0
AVROC                    56          56           0           0
BABPRINT                  0           0           0           0
BARB                      0           0           0           0
BATES                     0           0           0           0
BENCH102                  0           0           0           0
BILLF                     0           0           0           0
BILLING10               192         192           0           0
BIONIC                   74          74           0           0
BLISS36                2551        2551           0           0
BURRIESCIN                9           9           0           0
CAIS                      0           0           0           0
CAIS940                   0           0           0           0
CAISSEA                   0           0           0           0
CALSTATE               1412          74        1338           0
CARL                   3012        3181        -169           0
CARRELLA                  0           0           0           0
CB.DEC                  513         513           0           0
CB.DECDIR               128         128           0           0
CB.EXE                  672         672           0           0
CB.GALAXY                 0           0           0           0
CB.GAMES                405         405           0           0
CB.INFO                 394         394           0           0
CB.KERMIT               209         209           0           0
CB.MAGNUM               146         146           0           0
CB.MAIL                 721         721           0           0
CB.MEMO                  73          67           6           0
CB.PARSER                90          90           0           0
CB.SAIL                1260        1194          66           0
CB.SAIL.ARC              71          71           0           0
CB.SAIL.LIB              61          61           0           0
CB.SAILIB               538         538           0           0
CC                        0           0           0           0
CHERYL                  524         524           0           0
CHKACT10                546         546           0           0
CLYDE                     4           4           0           0
CLYDEJ                    0           0           0           0
CMUAIL                  148         148           0           0
COEL                      0           0           0           0
COLLECTR                  0           0           0           0
COLLINSC                  0           0           0           0
CORP.REP                  0           0           0           0
CPAPRINT                  0           0           0           0
CRASH                   291         291           0           0
CSRESOURCE                0           0           0           0
CSRESOURCE1               0           0           0           0
CSTEMPLATE               40          40           0           0
CTMKTG1                 189         189           0           0
CTMKTG7                 114         112           2           0
CTOPSMGR                  0           0           0           0
CUD10                    73          73           0           0
CURR11                 4774        4774           0           0
DANGAR                    0           0           0           0
DANIELSR                 79          79           0           0
DARREN                  790         790           0           0
DAUGHERTY                 0           0           0           0
DCDBILLING                0           0           0           0
DCOGGINS                  0           0           0           0
DDDS                      0           0           0           0
DED                      16          16           0           0
DERNST                  904         904           0           0
DEV370                    0           0           0           0
DEVPDP                    0           0           0           0
DHSMITH                   0           0           0           0
DIAG                      0           0           0           0
DIAG10                 1450        1450           0           0
DIAGNAT                   0           0           0           0
DIAGSRC                   0           0           0           0
DIST102A                  0           0           0           0
DIST124A                  0           0           0           0
DIST124B                  0           0           0           0
DIST127A                  0           0           0           0
DIST143C                  0           0           0           0
DIST143F                  0           0           0           0
DIST173A                  0           0           0           0
DIST29A                   0           0           0           0
DIST49A                   0           0           0           0
DIST49B                   0           0           0           0
DIST49C                   0           0           0           0
DIST62A                   0           0           0           0
DIST64A                   0           0           0           0
DIST92C                   0           0           0           0
DIST96A                   0           0           0           0
DIST96B                   0           0           0           0
DIST96C                   0           0           0           0
DISTRICT49                0           0           0           0
DOC11                     0           0           0           0
DOCAIL                  450         450           0           0
DONAHUE                 324         324           0           0
DONAHUE                   0           0           0           0
DSMACOY                   0           0           0           0
DUPJOB10                  0           0           0           0
DWEST                     0           0           0           0
DWS                     547         547           0           0
EDITOR                    0           0           0           0
EIMSLAND                  0           0           0           0
EMACS                  1409        1409           0           0
EMSAA                     0           0           0           0
EMSAA.SERVER             95          95           0           0
ERNSTD                    0           0           0           0
EYES                    390         390           0           0
F40                       0           0           0           0
FBATCH                   35          35           0           0
FJSAIL                   96          96           0           0
FLETCHERC                59          51           8           0
FOO                       0           0           0           0
FORK                     12          12           0           0
FOROTSQA                  0           0           0           0
FREITASJ                  0           0           0           0
FRENCH                  118         118           0           0
FTMAGNUM               4542        4542           0           0
FTSYS                  1674        1674           0           0
FTTBA                     2           2           0           0
GAMES                   588         588           0           0
GAUCITS2                  0           0           0           0
GAZEL                    28          28           0           0
GBLOOD               0           0           0           0
GLYONS                  101         101           0           0
GRANO                    24          24           0           0
HOFFMAN                   0           0           0           0
HOLCOMBK                  0           0           0           0
HOLD                      0           0           0           0
HOLLAND                   0           0           0           0
HOLMBERG                  0           0           0           0
IMPORT                  854         854           0           0
INFO                    139         139           0           0
INTACT                    6           6           0           0
IRCSACT                   0           0           0           0
ISBACKUP                  0           0           0           0
ISHANW                    0           0           0           0
ISINSTALL                 0           0           0           0
ISIS                      0           0           0           0
ISISDOC                   0           0           0           0
IWU                       2           2           0           0
JAIL                    680         680           0           0
JBENNETT                814         814           0           0
JERI                     30          30           0           0
JLACOMBE                 76          76           0           0
JMARCIN                  39          39           0           0
JMICHEL                   0           0           0           0
JOSB                    153         153           0           0
JRINDE                    0           0           0           0
JSFORKER                  0           0           0           0
JW.DSKCLN               245         245           0           0
JW.WORK                  70          70           0           0
K.AUXIO                  51          51           0           0
K.C                      30          30           0           0
K.LISP                   13          13           0           0
K.SAIL                   14          14           0           0
K.SLR                    17          17           0           0
K.TAPE                  100          94           6           0
KDEV1                    71          71           0           0
KDEV2                   166         151          15           0
KDEV3                   103         103           0           0
KEN                     341         342          -1           0
KERSHAW                   0           0           0           0
KJJ                       0           0           0           0
KL10                   2895        2895           0           0
KLIB                     98          98           0           0
KLUTE                    62          62           0           0
KMAYER                    0           0           0           0
KRIVANEC                  0           0           0           0
KS2020                 1126        1126           0           0
KSBACK                  639         639           0           0
LAGOLD                   12          12           0           0
LAPRINT                   0           0           0           0
LARRYSMITH                0           0           0           0
LASATERD                  0           0           0           0
LEASCO                    0           0           0           0
LEASCO.PAY                0           0           0           0
LENKOV                   96          96           0           0
LEWISJ                    0           0           0           0
LIEBERMN                 20          20           0           0
LINK10                    0           0           0           0
LOGGER                  142         142           0           0
LOIS                    149         129          20           0
LONGUSERNAME              4           4           0           0
LPQ                       0           0           0           0
LPQUE                    79          79           0           0
LPTSPL                  295         295           0           0
LRAC                     60          60           0           0
LSHERMAN                 43          43           0           0
M1600LIB                  0           0           0           0
M33                   15480       15485          -5           0
MACRO53                   0           0           0           0
MACRO53TST              138         138           0           0
MAGNUM                 4011        4011           0           0
MAIL                    487         486           1           0
MAILDEV                 330         330           0           0
MARTINEZ                  0           0           0           0
MATOKA                  471         471           0           0
MBELLAMY                  0           0           0           0
MCAFFREY                 42          42           0           0
MCH                      59          59           0           0
MDELANEY               1025        1025           0           0
MESSINAJ                  0           0           0           0
MFICHE                    0           0           0           0
MICHAEL                   0           0           0           0
MICROCYCLES               0           0           0           0
MIKERUDE                  0           0           0           0
MILLERD                 297         297           0           0
MONDOC                 1335        1335           0           0
MPL                    6464        6464           0           0
MYNAME                    0           0           0           0
MYPEAK                   10          10           0           0
NASON                    19          19           0           0
NDT                    5274        5274           0           0
NET1                      0           0           0           0
NET3                     55          55           0           0
NETCOL                    0           0           0           0
NETCON                    0           0           0           0
NETDEV                    0           0           0           0
NETQA                     0           0           0           0
NETSIE                    0           0           0           0
NEW11                  1290        1290           0           0
NEWARK                    0           0           0           0
NEWFDM                  357         357           0           0
NEWINFO                 137         137           0           0
NEWMAN                   41          41           0           0
NEWRPG                  281         281           0           0
NEWSCAN                1869        1869           0           0
NEWSPL                  310         310           0           0
NORM                      0           0           0           0
NOS                      19          19           0           0
NWKPRINT                  0           0           0           0
OASYS                     2           2           0           0
OEIL                    168         168           0           0
OLD11                     0           0           0           0
OPER                    209         209           0           0
OSB                    1810        1810           0           0
OSMAN                     0           0           0           0
OSMAN                   235         237          -2           0
OSNF                      0           2          -2           0
OSP                    7956        7956           0           0
PARNES                   40          40           0           0
PARPRINT                  0           0           0           0
PARTY                    26          26           0           0
PASSFRAME               233         233           0           0
PEAK                    694         602          92           0
PEAK.B2                   0           0           0           0
PEAK.BAK                 52          52           0           0
PEAK.OLD                815         815           0           0
PEAK1                    27          27           0           0
PEAKDOC                  54          54           0           0
PEAKX                   814         814           0           0
PERP                     33          33           0           0
PERPOPER                  0           0           0           0
PJ                       54          54           0           0
PPN1976                   0           0           0           0
PROD                      0           0           0           0
PRODBILL                  0           0           0           0
PRODUCTLIST             276         276           0           0
PRT                      90          90           0           0
PUB                    1193        1193           0           0
QABUILDM33               10          10           0           0
QABUILDOSC               45        3033       -2988           0
QALIBSYM               2712        2712           0           0
QASYS                   691         691           0           0
RAFFOR                    0           0           0           0
RANGEL                    0           0           0           0
REGION03                  0           0           0           0
RFORKISH                  0           0           0           0
RKLUTE                    0           0           0           0
RLARSON                   0           0           0           0
RODRIGUESP                0           0           0           0
ROLANDK                   0           0           0           0
ROY                       0           0           0           0
ROYALR                    0           0           0           0
RSTEVENS                 53          53           0           0
RSTRAUSS                252         252           0           0
RUSSELLB                453         453           0           0
RVIVIER                  24          24           0           0
SAIL                   1930        1930           0           0
SAILFOO                 366         366           0           0
SAILIB                 1287        1287           0           0
SAILTEST               2111        2111           0           0
SAL                       0           0           0           0
SALTYRON               1720        1720           0           0
SANTIAGO                 32          32           0           0
SBILL2                    1           1           0           0
SBILL3                    0           0           0           0
SCAPIK                    0           0           0           0
SDERRY                    0           0           0           0
SFO                       0           0           0           0
SHELLEYD                 13          13           0           0
SHUANG                    0           0           0           0
SLG                     335         335           0           0
SLIAPL10                242         242           0           0
SLIAPLQA                185         185           0           0
SLIOPER                   0           0           0           0
SLISYS                  595         595           0           0
SMALLEY                   0           0           0           0
SMITHDE                   0           0           0           0
SNARL                  1450        1450           0           0
SOCCI                  2001        2001           0           0
SOLON                     0           0           0           0
SP.BANK                   0           0           0           0
SP1                       0           0           0           0
SP10                      0           0           0           0
SP2                       0           0           0           0
SP3                       0           0           0           0
SP4                       0           0           0           0
SP5                       0           0           0           0
SP6                       0           0           0           0
SP8                       0           0           0           0
SP9                       0           0           0           0
SPEX                      0           0           0           0
SPINALE                   0           0           0           0
SPL                     945         945           0           0
SPOOL                   219         219           0           0
SPOOLING                  0           0           0           0
SPOOLRM                   0           0           0           0
SPOOLRM                   0           0           0           0
SPPARCH                   0           0           0           0
SPPOPER                 130         128           2           0
SPUNKDOC                  0           0           0           0
SRA                     149         149           0           0
SRA1                      0           0           0           0
SRACRT                  166         166           0           0
SRAFRCST                  0           0           0           0
SRAFT                   112         112           0           0
SRAMOV                   11          11           0           0
SRARPTS                   0           0           0           0
SRASO                     0           0           0           0
SRATECH                  38          38           0           0
SRAUTIL                 261         261           0           0
SSBACKUP                  0           0           0           0
SSEEHAFER                 2           2           0           0
SSEREP                    3           3           0           0
SSINSTALL              6543        6543           0           0
SSPAMBIN                  0           0           0           0
SSPERP                  490         490           0           0
SSPRINT                1071        1071           0           0
SSSPOOL                1396        1396           0           0
STAMMERS                113         113           0           0
SUTTOND                 183         183           0           0
SWARBRICKJ                0           0           0           0
SYS                   16668       16426         242           0
SYSADM20                193         193           0           0
SYSADM21                 14          14           0           0
SYSBACKUP                 5           5           0           0
SYSFIL                 1209        1209           0           0
SYSINST                 311         311           0           0
SYSMAINT                  0           0           0           0
SYSNEWS                 391         391           0           0
SYSTECH                 480         480           0           0
TADDEO                   56          56           0           0
TBATLIB                 885         885           0           0
TC                        0           0           0           0
TCDEV                     0           0           0           0
TCOLD                     0           0           0           0
TELE                    159         159           0           0
TEM                      43          43           0           0
TESTING                   2           2           0           0
THSTECH                   0           0           0           0
TIIDEV                   30          30           0           0
TJB                     457         457           0           0
TNXAIL                  587         587           0           0
TODD                    738         738           0           0
TOKPRINT                  0           0           0           0
TOMASIR                   0           0           0           0
TOOLS11                 373         373           0           0
TOPS10                    0           0           0           0
TRUCONTROL                0           0           0           0
TSUCOOP                3861        3921         -60           0
TTR                     127         127           0           0
TYMAIL                    0           0           0           0
TYMGRIPE                 30          30           0           0
TYMNET                   50          50           0           0
TYMXMTS                   0           0           0           0
UAS                     477         477           0           0
UFD                       0           0           0           0
UIMREG                    0           0           0           0
UIS                       0           0           0           0
UN1                    6894        6590         304           0
UORAIL                  266         266           0           0
UPL                    5257        5257           0           0
USEVAL                    0           0           0           0
UTIL                    479         479           0           0
VALDEV                   18          18           0           0
VALIDATE                  0           0           0           0
VGOPER                    0           0           0           0
VIEW                     78          78           0           0
VIVIAN                  872         872           0           0
VLEARV                    2           2           0           0
VMAP                    215         215           0           0
VU                      144         144           0           0
VUE                    2300        2300           0           0
WECOPROD                  0           0           0           0
WESTLAKE                  0           0           0           0
WESTRN29                  0           0           0           0
WEUSKE                    0           0           0           0
WFW                      63          63           0           0
WFWCUSP                   4           4           0           0
WGDAV                     0           0           0           0
WILKES                  166         166           0           0
WRS                    3930        3930           0           0
X25DEV                    0           0           0           0
XAIL                    319         319           0           0
XBLISS                    0           0           0           0
XCONSULT                 46          46           0           0
XEXEC                   517         517           0           0
XMAGNUM                   0           0           0           0
XMAIL                     0           0           0           0
XPPTEST                   0           0           0           0
XUEY                    545         545           0           0
XXARC                   550         550           0           0
YAMM                      4           4           0           0
YEUX                   1119        1119           0           0
ZONNIE                  259         259           0           0
ZORK                    395         395           0           0
----------------------------------------------------------------------
TOTALS               182100      183223       -1123           0
----------------------------------------------------------------------

p=HT{