
: 
: 
: 
: 
SYSTEM UNAVAILABLE
: 
CIRCUIT ZAPPED - ABORTING,  SYSTEM 23

: 
CIRCUIT ZAPPED - ABORTING,  SYSTEM 24

: 
COPY STARTING

(LSHERMAN:930)INIT.SAI COPIED TO (LSHERMAN:25)INIT.SAI

**** LICENSE SY HF AC RF IS NOT PORTABLE.

1328 (1215) CHARS. TRANSMITTED

: 
NO CIRCUIT ESTABLISHED

: 
CIRCUIT ZAPPED - ABORTING,  SYSTEM 27

: 
CIRCUIT ZAPPED - ABORTING,  SYSTEM 28

: 
CIRCUIT ZAPPED - ABORTING,  SYSTEM 29

: 
CIRCUIT ZAPPED - ABORTING,  SYSTEM 30

: 
CIRCUIT ZAPPED - ABORTING,  SYSTEM 31

: 
CIRCUIT ZAPPED - ABORTING,  SYSTEM 32

: 
COPY STARTING

(LSHERMAN:930)INIT.SAI COPIED TO (LSHERMAN:33)INIT.SAI

**** LICENSE SY HF AC RF IS NOT PORTABLE.

1328 (1215) CHARS. TRANSMITTED

: 
COPY STARTING

(LSHERMAN:930)INIT.SAI COPIED TO (LSHERMAN:34)INIT.SAI

**** LICENSE SY HF AC RF IS NOT PORTABLE.

1328 (1215) CHARS. TRANSMITTED

: 
NO CIRCUIT ESTABLISHED

: 
CIRCUIT ZAPPED - ABORTING,  SYSTEM 36

: 
CIRCUIT ZAPPED - ABORTING,  SYSTEM 37

: 
CIRCUIT ZAPPED - ABORTING,  SYSTEM 38

: 
REPLACING FILE (LSHERMAN:39)INIT.SAI

COPY STARTING

(LSHERMAN:930)INIT.SAI COPIED TO (LSHERMAN:39)INIT.SAI

**** LICENSE SY HF AC RF IS NOT PORTABLE.

1328 (1215) CHARS. TRANSMITTED

: 
NO CIRCUIT ESTABLISHED

: 
CIRCUIT ZAPPED - ABORTING,  SYSTEM 55

: 
CIRCUIT ZAPPED - ABORTING,  SYSTEM 56

: 
CIRCUIT ZAPPED - ABORTING,  SYSTEM 59

: 
CIRCUIT ZAPPED - ABORTING,  SYSTEM 65

: 
COPY STARTING

(LSHERMAN:930)INIT.SAI COPIED TO (LSHERMAN:70)INIT.SAI

**** LICENSE SY HF AC RF IS NOT PORTABLE.

1328 (1215) CHARS. TRANSMITTED

: 
CIRCUIT ZAPPED - ABORTING,  SYSTEM 72

: 
CIRCUIT ZAPPED - ABORTING,  SYSTEM 74

: 
CIRCUIT ZAPPED - ABORTING,  SYSTEM 83

: 
CIRCUIT ZAPPED - ABORTING,  SYSTEM 90

: 