2-MAY-83 04:01  %CREAUX: 1 failures for EMSAA
1-MAY-83 04:01  %CREAUX: 1 failures for EMSAA
30-APR-83 20:05  %CREAUX: 5 failures for EMSAA
29-APR-83 18:03  A53821  TXS.M/HINCKLEY:EMSAA -> TXS.M/HINCKLEY (MCH:930)
29-APR-83 14:04  %CREAUX: 3 failures for EMSAA
28-APR-83 11:03  %CREAUX: 1 failures for EMSAA
28-APR-83 11:04  A51168  TXS.A/NEWMAN:EMSAA -> TXS.XCONSULT (XCONSULT:930)
28-APR-83 10:03  %unable to signon TXS.CONSULT - bad ID
28-APR-83 10:03  A51132  CT.TECHSERV:EMSAA -> TXS.C/BALTRUNAS (CARL:930)
28-APR-83 03:01  DARREN:930 -> INSD.C/TRUMAN:EMSAA
27-APR-83 19:04  A47928  INSD.C/TRUMAN:EMSAA -> TXS.S/DANIELS (SDANIELS:930)
27-APR-83 19:04  A49755  INSD.C/TRUMAN:EMSAA -> TXS.S/DANIELS (SDANIELS:930)
27-APR-83 19:05  A45455  IOD.HAAS:EMSAA -> TXS.A/NEWMAN (ADELE:930)
27-APR-83 19:06  A47928  INSD.C/TRUMAN:EMSAA -> TXS.D/PRICE (DARREN:930)
27-APR-83 19:06  A49755  INSD.C/TRUMAN:EMSAA -> TXS.D/PRICE (DARREN:930)
27-APR-83 19:06  A48519  INSD.ONTYME:EMSAA -> TXS.SUP (WRS:930)
23-APR-83 20:03  %CREAUX: 1 failures for EMSAA
22-APR-83 16:03  A44311  IOD.HAAS:EMSAA -> TXS.M/HINCKLEY (MCH:930)
22-APR-83 16:04  A44311  IOD.HAAS:EMSAA -> TXS.L/LINDLEY (LOIS:930)
22-APR-83 16:05  A44311  IOD.HAAS:EMSAA -> TXS.A/NEWMAN (ADELE:930)
22-APR-83 09:06  %CREAUX: 4 failures for EMSAA
22-APR-83 03:02  %CREAUX: 2 failures for EMSAA
21-APR-83 18:01  MCH:930 -> iod.hq:emsaa
21-APR-83 09:08  %CREAUX: 7 failures for EMSAA
20-APR-83 19:01  %CREAUX: 1 failures for EMSAA
20-APR-83 09:03  %CREAUX: 2 failures for EMSAA
20-APR-83 03:00  A39604  CT.TECHSERV:EMSAA -> TXS.C/BALTRUNAS (CARL:930)
20-APR-83 03:01  A39604  CT.TECHSERV:EMSAA -> TXS.A/NEWMAN (ADELE:930)
19-APR-83 17:06  %CREAUX: 1 failures for EMSAA
19-APR-83 17:07  DARREN:930 -> INSD.C/TRUMAN:EMSAA
19-APR-83 15:02  A38911  INSD.C/TRUMAN:EMSAA -> TXS.S/DANIELS (SDANIELS:930)
19-APR-83 15:03  A38911  INSD.C/TRUMAN:EMSAA -> TXS.D/PRICE (DARREN:930)
19-APR-83 12:03  A36756  TCMS.SRAMAIL:EMSAA -> TXS.M/HINCKLEY (MCH:930)
19-APR-83 12:03  A36875  INSD.T/GRIFFIN:EMSAA -> TXS.L/LINDLEY (LOIS:930)
18-APR-83 03:02  %CREAUX: 2 failures for EMSAA
17-APR-83 06:10  %CREAUX: 10 failures for EMSAA
17-APR-83 06:10  ?FATAL: unable to connect to ONTYME
17-APR-83 05:10  %CREAUX: 10 failures for EMSAA
17-APR-83 05:10  ?FATAL: unable to connect to ONTYME
17-APR-83 03:10  %CREAUX: 10 failures for EMSAA
17-APR-83 03:10  ?FATAL: unable to connect to ONTYME
16-APR-83 20:08  %CREAUX: 8 failures for EMSAA
15-APR-83 20:00  A35450  IOD.HAAS:EMSAA -> TXS.C/BALTRUNAS (CARL:930)
15-APR-83 20:01  A35450  IOD.HAAS:EMSAA -> TXS.M/HINCKLEY (MCH:930)
15-APR-83 20:02  A35450  IOD.HAAS:EMSAA -> TXS.A/NEWMAN (ADELE:930)
15-APR-83 19:01  MCH:930 -> IOD.HQ:EMSAA
15-APR-83 14:32  A34019  CT.TECHSERV:EMSAA -> TXS.A/NEWMAN (ADELE:930)
15-APR-83 14:32  A31748  INSD.C/TRUMAN:EMSAA -> TXS.D/PRICE (DARREN:930)
13-APR-83 03:01  %CREAUX: 1 failures for EMSAA
13-APR-83 02:11  %CREAUX: 10 failures for EMSAA
13-APR-8