
: 
: 
: 
: 
COPY STARTING

(SPL:930)SFTP.SAV COPIED TO (SPL:57)SFTP.SAV

5954 (5800) CHARS. TRANSMITTED

: 
COPY STARTING

(SPL:930)WHEN.SAV COPIED TO (SPL:57)WHEN.SAV

**** LICENSE SY RF IS NOT PORTABLE.

18779 (18180) CHARS. TRANSMITTED

: 
COPY STARTING

(SPL:930)TAUX.SHR COPIED TO (SPL:57)TAUX.SHR

3605 (3521) CHARS. TRANSMITTED

: 
COPY STARTING

(SPL:930)TURNUP.SAV COPIED TO (SPL:57)TURNUP.SAV

35996 (35873) CHARS. TRANSMITTED

: 
COPY STARTING

(SPL:930)SNARF.SAV COPIED TO (SPL:57)SNARF.SAV

**** LICENSE WC SY JL IS NOT PORTABLE.

1242 (1238) CHARS. TRANSMITTED

: 
COPY STARTING

(SPL:930)DFAUX.SHR COPIED TO (SPL:57)DFAUX.SHR

3519 (3422) CHARS. TRANSMITTED

: 
COPY STARTING

(SPL:930)FTP20.SAV COPIED TO (SPL:57)FTP20.SAV

64805 (64429) CHARS. TRANSMITTED

: 
COPY STARTING

(SPL:930)MAP.SAV COPIED TO (SPL:57)MAP.SAV

40973 (40555) CHARS. TRANSMITTED

: 
COPY STARTING

(SPL:930)REDSCR.SAV COPIED TO (SPL:57)REDSCR.SAV

39353 (39085) CHARS. TRANSMITTED

: 
COPY STARTING

(SPL:930)COPY.SAV COPIED TO (SPL:57)COPY.SAV

**** LICENSE JL RF IS NOT PORTABLE.

20048 (19428) CHARS. TRANSMITTED

: 
COPY STARTING

(SPL:930)WHO.SAV COPIED TO (SPL:57)WHO.SAV

36009 (35891) CHARS. TRANSMITTED

: 
COPY STARTING

(SPL:930)CRFSYM.SAV COPIED TO (SPL:57)CRFSYM.SAV

70106 (69281) CHARS. TRANSMITTED

: 
COPY STARTING

(SPL:930)FINDIT.SAV COPIED TO (SPL:57)FINDIT.SAV

47228 (46597) CHARS. TRANSMITTED

: 
COPY STARTING

(SPL:930)FIND.SAV COPIED TO (SPL:57)FIND.SAV

91517 (86174) CHARS. TRANSMITTED

: 
COPY STARTING

(SPL:930)CKS.SAV COPIED TO (SPL:57)CKS.SAV

35091 (34950) CHARS. TRANSMITTED

: 
COPY STARTING

(SPL:930)PAGE.SAV COPIED TO (SPL:57)PAGE.SAV

37067 (36623) CHARS. TRANSMITTED

: 
COPY STARTING

(SPL:930)CP.SAV COPIED TO (SPL:57)CP.SAV

36486 (36150) CHARS. TRANSMITTED

: 
COPY STARTING

(SPL:930)FICHE.SAV COPIED TO (SPL:57)FICHE.SAV

46188 (45487) CHARS. TRANSMITTED

: 
COPY STARTING

(SPL:930)TELCHK.SAV COPIED TO (SPL:57)TELCHK.SAV

16124 (15558) CHARS. TRANSMITTED

: 
COPY STARTING

(SPL:930)MARKER.SAV COPIED TO (SPL:57)MARKER.SAV

34790 (34703) CHARS. TRANSMITTED

: 
COPY STARTING

(SPL:930)TWOUP.SAV COPIED TO (SPL:57)TWOUP.SAV

7839 (7557) CHARS. TRANSMITTED

: 
REPLACING FILE (SPL:57)LINKER.SAV

CANNOT OPEN 'COPY TO' FILE: LINKER.SAV
: 
REPLACING FILE (SPL:57)PRUNE.SAV

COPY STARTING

(SPL:930)PRUNE.SAV COPIED TO (SPL:57)PRUNE.SAV

21753 (21192) CHARS. TRANSMITTED

: 
REPLACING FILE (SPL:57)ACCESS.SAV

COPY STARTING

(SPL:930)ACCESS.SAV COPIED TO (SPL:57)ACCESS.SAV

8141 (7916) CHARS. TRANSMITTED

: 
REPLACING FILE (SPL:57)LUK.SAV

COPY STARTING

(SPL:930)LUK.SAV COPIED TO (SPL:57)LUK.SAV

13743 (13327) CHARS. TRANSMITTED

: 
COPY STARTING

(SPL:930)TMERGE.SAV COPIED TO (SPL:57)TMERGE.SAV

22280 (17418) CHARS. TRANSMITTED

: 
COPY STARTING

(SPL:930)RCR.SAV COPIED TO (SPL:57)RCR.SAV

28971 (28780) CHARS. TRANSMITTED

: 
COPY STARTING

(SPL:930)CAM.LOW COPIED TO (SPL:57)CAM.LOW

959 (961) CHARS. TRANSMITTED

: 
COPY STARTING

(SPL:930)CAM.SHR COPIED TO (SPL:57)CAM.SHR

17982 (17786) CHARS. TRANSMITTED

: 
COPY STARTING

(SPL:930)FED.LOW COPIED TO (SPL:57)FED.LOW

927 (931) CHARS. TRANSMITTED

: 
COPY STARTING

(SPL:930)FED.SHR COPIED TO (SPL:57)FED.SHR

15147 (14873) CHARS. TRANSMITTED

: 
COPY STARTING

(SPL:930)DOCGEN.SHR COPIED TO (SPL:57)DOCGEN.SHR

94464 (91809) CHARS. TRANSMITTED

: 