
: 
: 
: 
: 
COPY STARTING

(SPL:930)SFTP.SAV COPIED TO (SPL:24)SFTP.SAV

5954 (5800) CHARS. TRANSMITTED

: 
COPY STARTING

(SPL:930)WHEN.SAV COPIED TO (SPL:24)WHEN.SAV

**** LICENSE SY RF IS NOT PORTABLE.

18779 (18180) CHARS. TRANSMITTED

: 
COPY STARTING

(SPL:930)TAUX.SHR COPIED TO (SPL:24)TAUX.SHR

3605 (3521) CHARS. TRANSMITTED

: 
COPY STARTING

(SPL:930)TURNUP.SAV COPIED TO (SPL:24)TURNUP.SAV

35996 (35873) CHARS. TRANSMITTED

: 
COPY STARTING

(SPL:930)SNARF.SAV COPIED TO (SPL:24)SNARF.SAV

**** LICENSE WC SY JL IS NOT PORTABLE.

1242 (1238) CHARS. TRANSMITTED

: 
COPY STARTING

(SPL:930)DFAUX.SHR COPIED TO (SPL:24)DFAUX.SHR

3519 (3422) CHARS. TRANSMITTED

: 
COPY STARTING

(SPL:930)FTP20.SAV COPIED TO (SPL:24)FTP20.SAV

64805 (64429) CHARS. TRANSMITTED

: 
COPY STARTING

(SPL:930)MAP.SAV COPIED TO (SPL:24)MAP.SAV

40973 (40555) CHARS. TRANSMITTED

: 
COPY STARTING

(SPL:930)REDSCR.SAV COPIED TO (SPL:24)REDSCR.SAV

39353 (39085) CHARS. TRANSMITTED

: 
COPY STARTING

(SPL:930)COPY.SAV COPIED TO (SPL:24)COPY.SAV

**** LICENSE JL RF IS NOT PORTABLE.

20048 (19428) CHARS. TRANSMITTED

: 
COPY STARTING

(SPL:930)WHO.SAV COPIED TO (SPL:24)WHO.SAV

36009 (35891) CHARS. TRANSMITTED

: 
COPY STARTING

CIRCUIT ZAPPED - ABORTING,  SYSTEM 24

: 
SYSTEM UNAVAILABLE
: 
SYSTEM UNAVAILABLE
: 
SYSTEM UNAVAILABLE
: 
SYSTEM UNAVAILABLE
: 
SYSTEM UNAVAILABLE
: 
SYSTEM UNAVAILABLE
: 
SYSTEM UNAVAILABLE
: 
SYSTEM UNAVAILABLE
: 
SYSTEM UNAVAILABLE
: 
SYSTEM UNAVAILABLE
: 
SYSTEM UNAVAILABLE
: 
SYSTEM UNAVAILABLE
: 
SYSTEM UNAVAILABLE
: 
SYSTEM UNAVAILABLE
: 
SYSTEM UNAVAILABLE
: 
SYSTEM UNAVAILABLE
: 
SYSTEM UNAVAILABLE
: 
SYSTEM UNAVAILABLE
: 
SYSTEM UNAVAILABLE
: 
SYSTEM UNAVAILABLE
: 