
: 
: 
: 
: 
REPLACING FILE (KEN:39)PEAK.SAV

COPY STARTING

(PEAK:930)PEAK.SAV COPIED TO (KEN:39)PEAK.SAV

150332 (147619) CHARS. TRANSMITTED

: 
REPLACING FILE (KEN:897)PEAK.SAV

COPY STARTING

(PEAK:930)PEAK.SAV COPIED TO (KEN:897)PEAK.SAV

150332 (147619) CHARS. TRANSMITTED

: 
REPLACING FILE (KEN:57)PEAK.SAV

COPY STARTING

(PEAK:930)PEAK.SAV COPIED TO (KEN:57)PEAK.SAV

150332 (147619) CHARS. TRANSMITTED

: 
REPLACING FILE (KEN:33)PEAK.SAV

COPY STARTING

(PEAK:930)PEAK.SAV COPIED TO (KEN:33)PEAK.SAV

150332 (147619) CHARS. TRANSMITTED

: 